05:49:22.680 > ets Jun  8 2016 00:22:57
05:49:22.680 > 
05:49:22.680 > rst:0x1 (POWERON_RESET),boot:0x13 (SPI_FAST_FLASH_BOOT)
05:49:22.680 > configsip: 0, SPIWP:0xee
05:49:22.680 > clk_drv:0x00,q_drv:0x00,d_drv:0x00,cs0_drv:0x00,hd_drv:0x00,wp_drv:0x00
05:49:22.680 > mode:DIO, clock div:2
05:49:22.680 > load:0x3fff0018,len:4
05:49:22.680 > load:0x3fff001c,len:1044
05:49:22.680 > load:0x40078000,len:10124
05:49:22.680 > load:0x40080400,len:5828
05:49:22.680 > entry 0x400806a8
05:49:22.680 > start
05:49:22.680 >  External Reset
05:49:22.680 >  Brown out Reset
05:49:22.680 >  Watchdog Reset
05:49:22.680 > Marlin 2.1.2.7
05:49:22.680 > echo: Last Updated: 2026-01-22 | Author: (none, default config)
05:49:22.680 > echo: Compiled: May  1 2026
05:49:22.680 > echo: Free Memory: 266128  PlannerBufferBytes: 1344
05:49:22.680 > echo:WiFi station started
05:49:22.680 > echo:Connecting Sin
05:49:22.680 > echo:Connecting.
05:49:22.680 > echo:Connecting..
05:49:22.680 > echo:V88 stored settings retrieved (774 bytes; crc 60419)
05:49:22.680 > echo:Connecting...
05:49:22.680 > echo:Connecting....
05:49:22.680 > echo:Connecting.
05:49:22.680 > echo:Connected
05:49:22.680 > echo:192.168.77.100
05:49:22.680 > echo:OTA service started
05:49:22.680 > echo:mDNS service (marlinesp) started
05:49:22.680 > echo:SSDP service started
05:49:22.680 > echo:HTTP server started
05:49:22.680 > echo:192.168.77.100
05:49:22.680 > echo:SD card released
