06:03:32.921 > echo:No SD card
06:03:53.414 > ets Jun  8 2016 00:22:57
06:03:53.414 > 
06:03:53.414 > rst:0x1 (POWERON_RESET),boot:0x13 (SPI_FAST_FLASH_BOOT)
06:03:53.419 > configsip: 0, SPIWP:0xee
06:03:53.422 > clk_drv:0x00,q_drv:0x00,d_drv:0x00,cs0_drv:0x00,hd_drv:0x00,wp_drv:0x00
06:03:53.428 > mode:DIO, clock div:2
06:03:53.430 > load:0x3fff0018,len:4
06:03:53.433 > load:0x3fff001c,len:1044
06:03:53.436 > load:0x40078000,len:10124
06:03:53.436 > load:0x40080400,len:5828
06:03:53.439 > entry 0x400806a8
06:03:53.900 > start
06:03:53.900 >  External Reset
06:03:53.900 >  Brown out Reset
06:03:53.902 >  Watchdog Reset
06:03:53.902 > Marlin 2.1.2.7
06:03:53.905 > echo: Last Updated: 2026-01-22 | Author: (none, default config)
06:03:53.911 > echo: Compiled: May  1 2026
06:03:53.913 > echo: Free Memory: 266272  PlannerBufferBytes: 1344
06:03:54.197 > echo:WiFi station started
06:03:54.197 > echo:Connecting Sin
06:03:54.201 > echo:Connecting.
06:03:54.667 > echo:V88 stored settings retrieved (774 bytes; crc 60419)
06:03:54.697 > echo:Connecting..
06:03:55.197 > echo:Connecting...
06:03:55.698 > echo:Connecting....
06:03:56.197 > echo:Connecting.
06:03:56.550 > echo:Connected
06:03:56.551 > echo:192.168.77.100
06:03:56.828 > echo:OTA service started
06:03:56.828 > echo:mDNS service (marlinesp) started
06:03:56.831 > echo:SSDP service started
06:03:56.838 > echo:HTTP server started
06:03:57.687 > echo:192.168.77.100
06:04:00.192 > echo:No SD card
06:05:07.729 > echo:SD card released
06:10:48.846 > echo:SD card ok
06:12:21.142 > echo:No SD card
06:12:33.630 > echo:No SD card
